# JRE version: Java(TM) SE Runtime Environment (7.0_40-b43) (build 1.7.0_40-b43)
# Java VM: Java HotSpot(TM) 64-Bit Server VM (24.0-b56 mixed mode windows-amd64 compressed oops)
Heap
 PSYoungGen      total 37888K, used 1441K [0x00000000faa80000, 0x00000000ff480000, 0x0000000100000000)
  eden space 32768K, 4% used [0x00000000faa80000,0x00000000fabe86c8,0x00000000fca80000)
  from space 5120K, 0% used [0x00000000fca80000,0x00000000fca80000,0x00000000fcf80000)
  to   space 5120K, 0% used [0x00000000fef80000,0x00000000fef80000,0x00000000ff480000)
 ParOldGen       total 124928K, used 28133K [0x00000000f0000000, 0x00000000f7a00000, 0x00000000faa80000)
  object space 124928K, 22% used [0x00000000f0000000,0x00000000f1b79460,0x00000000f7a00000)
 PSPermGen       total 36864K, used 18245K [0x00000000eae00000, 0x00000000ed200000, 0x00000000f0000000)
  object space 36864K, 49% used [0x00000000eae00000,0x00000000ebfd14c8,0x00000000ed200000)
GC Heap History (8 events):
Event: 2.831 GC heap before
{Heap before GC invocations=1 (full 0):
 PSYoungGen      total 37888K, used 32768K [0x00000000faa80000, 0x00000000fd480000, 0x0000000100000000)
  eden space 32768K, 100% used [0x00000000faa80000,0x00000000fca80000,0x00000000fca80000)
  from space 5120K, 0% used [0x00000000fcf80000,0x00000000fcf80000,0x00000000fd480000)
  to   space 5120K, 0% used [0x00000000fca80000,0x00000000fca80000,0x00000000fcf80000)
 ParOldGen       total 85504K, used 0K [0x00000000f0000000, 0x00000000f5380000, 0x00000000faa80000)
  object space 85504K, 0% used [0x00000000f0000000,0x00000000f0000000,0x00000000f5380000)
 PSPermGen       total 21504K, used 15486K [0x00000000eae00000, 0x00000000ec300000, 0x00000000f0000000)
  object space 21504K, 72% used [0x00000000eae00000,0x00000000ebd1fbf0,0x00000000ec300000)
Event: 2.839 GC heap after
Heap after GC invocations=1 (full 0):
 PSYoungGen      total 37888K, used 5104K [0x00000000faa80000, 0x00000000fd480000, 0x0000000100000000)
  eden space 32768K, 0% used [0x00000000faa80000,0x00000000faa80000,0x00000000fca80000)
  from space 5120K, 99% used [0x00000000fca80000,0x00000000fcf7c220,0x00000000fcf80000)
  to   space 5120K, 0% used [0x00000000fcf80000,0x00000000fcf80000,0x00000000fd480000)
 ParOldGen       total 85504K, used 509K [0x00000000f0000000, 0x00000000f5380000, 0x00000000faa80000)
  object space 85504K, 0% used [0x00000000f0000000,0x00000000f007f698,0x00000000f5380000)
 PSPermGen       total 21504K, used 15486K [0x00000000eae00000, 0x00000000ec300000, 0x00000000f0000000)
  object space 21504K, 72% used [0x00000000eae00000,0x00000000ebd1fbf0,0x00000000ec300000)
}
Event: 3.379 GC heap before
{Heap before GC invocations=2 (full 0):
 PSYoungGen      total 37888K, used 37872K [0x00000000faa80000, 0x00000000fd480000, 0x0000000100000000)
  eden space 32768K, 100% used [0x00000000faa80000,0x00000000fca80000,0x00000000fca80000)
  from space 5120K, 99% used [0x00000000fca80000,0x00000000fcf7c220,0x00000000fcf80000)
  to   space 5120K, 0% used [0x00000000fcf80000,0x00000000fcf80000,0x00000000fd480000)
 ParOldGen       total 85504K, used 509K [0x00000000f0000000, 0x00000000f5380000, 0x00000000faa80000)
  object space 85504K, 0% used [0x00000000f0000000,0x00000000f007f698,0x00000000f5380000)
 PSPermGen       total 21504K, used 18025K [0x00000000eae00000, 0x00000000ec300000, 0x00000000f0000000)
  object space 21504K, 83% used [0x00000000eae00000,0x00000000ebf9a4d0,0x00000000ec300000)
Event: 3.390 GC heap after
Heap after GC invocations=2 (full 0):
 PSYoungGen      total 37888K, used 5091K [0x00000000faa80000, 0x00000000ff480000, 0x0000000100000000)
  eden space 32768K, 0% used [0x00000000faa80000,0x00000000faa80000,0x00000000fca80000)
  from space 5120K, 99% used [0x00000000fcf80000,0x00000000fd478e48,0x00000000fd480000)
  to   space 5120K, 0% used [0x00000000fca80000,0x00000000fca80000,0x00000000fcf80000)
 ParOldGen       total 85504K, used 7611K [0x00000000f0000000, 0x00000000f5380000, 0x00000000faa80000)
  object space 85504K, 8% used [0x00000000f0000000,0x00000000f076ef28,0x00000000f5380000)
 PSPermGen       total 21504K, used 18025K [0x00000000eae00000, 0x00000000ec300000, 0x00000000f0000000)
  object space 21504K, 83% used [0x00000000eae00000,0x00000000ebf9a4d0,0x00000000ec300000)
}
Event: 3.570 GC heap before
{Heap before GC invocations=3 (full 0):
 PSYoungGen      total 37888K, used 37859K [0x00000000faa80000, 0x00000000ff480000, 0x0000000100000000)
  eden space 32768K, 100% used [0x00000000faa80000,0x00000000fca80000,0x00000000fca80000)
  from space 5120K, 99% used [0x00000000fcf80000,0x00000000fd478e48,0x00000000fd480000)
  to   space 5120K, 0% used [0x00000000fca80000,0x00000000fca80000,0x00000000fcf80000)
 ParOldGen       total 85504K, used 7611K [0x00000000f0000000, 0x00000000f5380000, 0x00000000faa80000)
  object space 85504K, 8% used [0x00000000f0000000,0x00000000f076ef28,0x00000000f5380000)
 PSPermGen       total 21504K, used 18247K [0x00000000eae00000, 0x00000000ec300000, 0x00000000f0000000)
  object space 21504K, 84% used [0x00000000eae00000,0x00000000ebfd1ed8,0x00000000ec300000)
Event: 3.590 GC heap after
Heap after GC invocations=3 (full 0):
 PSYoungGen      total 37888K, used 5115K [0x00000000faa80000, 0x00000000ff480000, 0x0000000100000000)
  eden space 32768K, 0% used [0x00000000faa80000,0x00000000faa80000,0x00000000fca80000)
  from space 5120K, 99% used [0x00000000fca80000,0x00000000fcf7ef18,0x00000000fcf80000)
  to   space 5120K, 0% used [0x00000000fef80000,0x00000000fef80000,0x00000000ff480000)
 ParOldGen       total 85504K, used 55319K [0x00000000f0000000, 0x00000000f5380000, 0x00000000faa80000)
  object space 85504K, 64% used [0x00000000f0000000,0x00000000f3605d38,0x00000000f5380000)
 PSPermGen       total 21504K, used 18247K [0x00000000eae00000, 0x00000000ec300000, 0x00000000f0000000)
  object space 21504K, 84% used [0x00000000eae00000,0x00000000ebfd1ed8,0x00000000ec300000)
}
Event: 3.590 GC heap before
{Heap before GC invocations=4 (full 1):
 PSYoungGen      total 37888K, used 5115K [0x00000000faa80000, 0x00000000ff480000, 0x0000000100000000)
  eden space 32768K, 0% used [0x00000000faa80000,0x00000000faa80000,0x00000000fca80000)
  from space 5120K, 99% used [0x00000000fca80000,0x00000000fcf7ef18,0x00000000fcf80000)
  to   space 5120K, 0% used [0x00000000fef80000,0x00000000fef80000,0x00000000ff480000)
 ParOldGen       total 85504K, used 55319K [0x00000000f0000000, 0x00000000f5380000, 0x00000000faa80000)
  object space 85504K, 64% used [0x00000000f0000000,0x00000000f3605d38,0x00000000f5380000)
 PSPermGen       total 21504K, used 18247K [0x00000000eae00000, 0x00000000ec300000, 0x00000000f0000000)
  object space 21504K, 84% used [0x00000000eae00000,0x00000000ebfd1ed8,0x00000000ec300000)
Event: 3.680 GC heap after
Heap after GC invocations=4 (full 1):
 PSYoungGen      total 37888K, used 0K [0x00000000faa80000, 0x00000000ff480000, 0x0000000100000000)
  eden space 32768K, 0% used [0x00000000faa80000,0x00000000faa80000,0x00000000fca80000)
  from space 5120K, 0% used [0x00000000fca80000,0x00000000fca80000,0x00000000fcf80000)
  to   space 5120K, 0% used [0x00000000fef80000,0x00000000fef80000,0x00000000ff480000)
 ParOldGen       total 124928K, used 28133K [0x00000000f0000000, 0x00000000f7a00000, 0x00000000faa80000)
  object space 124928K, 22% used [0x00000000f0000000,0x00000000f1b79460,0x00000000f7a00000)
 PSPermGen       total 36864K, used 18242K [0x00000000eae00000, 0x00000000ed200000, 0x00000000f0000000)
  object space 36864K, 49% used [0x00000000eae00000,0x00000000ebfd0800,0x00000000ed200000)
}

